2024-02-23 14:21:44.970 [info] Experiment 'pythonaa' is active
2024-02-23 14:21:44.970 [info] Experiment 'pythonRecommendTensorboardExt' is active
2024-02-23 14:21:44.970 [info] Experiment 'pythonREPLSmartSend' is active
2024-02-23 14:21:44.970 [info] Experiment 'pythonTerminalEnvVarActivation' is active
2024-02-23 14:21:44.970 [info] Experiment 'pythonTestAdapter' is active
2024-02-23 14:21:44.970 [info] Default formatter is set to null for workspace /home/orangepi
2024-02-23 14:21:44.971 [info] Test server listening.
2024-02-23 14:21:44.971 [info] > conda info --json
2024-02-23 14:21:44.973 [info] Found: /bin/python3 --> /bin/python3.9
2024-02-23 14:21:44.977 [info] Found: /bin/python3.9 --> /bin/python3.9
2024-02-23 14:21:45.055 [info] Found: /usr/bin/python3 --> /usr/bin/python3.9
2024-02-23 14:21:45.059 [info] Found: /usr/bin/python3.9 --> /usr/bin/python3.9
2024-02-23 14:21:45.131 [info] > /bin/python3 -I ./.vscode-server/extensions/ms-python.python-2024.0.1/pythonFiles/get_output_via_markers.py ./.vscode-server/extensions/ms-python.python-2024.0.1/pythonFiles/interpreterInfo.py
2024-02-23 14:21:45.366 [info] Python interpreter path: /bin/python3
2024-02-23 14:21:45.416 [info] > /usr/bin/python3 -I ./.vscode-server/extensions/ms-python.python-2024.0.1/pythonFiles/get_output_via_markers.py ./.vscode-server/extensions/ms-python.python-2024.0.1/pythonFiles/interpreterInfo.py
2024-02-23 14:21:45.672 [warning] Retry failed, storage update failed for key PYTHON_GLOBAL_STORAGE_KEYS
2024-02-23 14:21:45.685 [warning] Retry failed, storage update failed for key PYTHON_GLOBAL_STORAGE_KEYS
2024-02-23 14:21:45.686 [warning] Retry failed, storage update failed for key PYTHON_GLOBAL_STORAGE_KEYS
2024-02-23 14:21:45.686 [warning] Retry failed, storage update failed for key PYTHON_GLOBAL_STORAGE_KEYS
2024-02-23 14:21:45.686 [warning] Retry failed, storage update failed for key PYTHON_GLOBAL_STORAGE_KEYS
2024-02-23 14:21:46.415 [warning] Retry failed, storage update failed for key PYTHON_GLOBAL_STORAGE_KEYS
2024-02-23 14:21:46.415 [warning] Retry failed, storage update failed for key PYTHON_GLOBAL_STORAGE_KEYS
2024-02-23 14:21:46.416 [warning] Retry failed, storage update failed for key PYTHON_GLOBAL_STORAGE_KEYS
2024-02-23 14:21:49.700 [info] Starting Pylance language server.
2024-02-23 14:21:50.670 [info] Discover tests for workspace name: orangepi - uri: /home/orangepi/helloWendy.py
2024-02-23 14:21:55.237 [info] Discover tests for workspace name: orangepi - uri: /home/orangepi/helloWendy.py
2024-02-23 14:21:57.694 [info] Discover tests for workspace name: orangepi - uri: /home/orangepi/helloWendy.py
2024-02-23 14:21:59.452 [info] Discover tests for workspace name: orangepi - uri: /home/orangepi/helloWendy.py
2024-02-23 14:22:01.435 [info] Discover tests for workspace name: orangepi - uri: /home/orangepi/helloWendy.py
2024-02-23 14:22:02.810 [info] Discover tests for workspace name: orangepi - uri: /home/orangepi/helloWendy.py
