2024-02-23 13:23:03.127 [info] Experiment 'pythonaa' is active
2024-02-23 13:23:03.127 [info] Experiment 'pythonRecommendTensorboardExt' is active
2024-02-23 13:23:03.127 [info] Experiment 'pythonREPLSmartSend' is active
2024-02-23 13:23:03.127 [info] Experiment 'pythonTerminalEnvVarActivation' is active
2024-02-23 13:23:03.127 [info] Experiment 'pythonTestAdapter' is active
2024-02-23 13:23:03.127 [info] Default formatter is set to null for workspace /home/orangepi
2024-02-23 13:23:03.127 [info] Test server listening.
2024-02-23 13:23:03.127 [info] > conda info --json
2024-02-23 13:23:03.129 [info] Found: /bin/python3 --> /bin/python3.9
2024-02-23 13:23:03.132 [info] Found: /bin/python3.9 --> /bin/python3.9
2024-02-23 13:23:03.197 [info] Found: /usr/bin/python3 --> /usr/bin/python3.9
2024-02-23 13:23:03.213 [info] Found: /usr/bin/python3.9 --> /usr/bin/python3.9
2024-02-23 13:23:03.306 [info] > /bin/python3 -I ./.vscode-server/extensions/ms-python.python-2024.0.1/pythonFiles/get_output_via_markers.py ./.vscode-server/extensions/ms-python.python-2024.0.1/pythonFiles/interpreterInfo.py
2024-02-23 13:23:03.473 [info] > /usr/bin/python3 -I ./.vscode-server/extensions/ms-python.python-2024.0.1/pythonFiles/get_output_via_markers.py ./.vscode-server/extensions/ms-python.python-2024.0.1/pythonFiles/interpreterInfo.py
2024-02-23 13:23:03.559 [warning] Retry failed, storage update failed for key PYTHON_GLOBAL_STORAGE_KEYS
2024-02-23 13:23:03.592 [info] Python interpreter path: /bin/python3
2024-02-23 13:23:03.994 [warning] Retry failed, storage update failed for key PYTHON_GLOBAL_STORAGE_KEYS
2024-02-23 13:23:03.994 [warning] Retry failed, storage update failed for key PYTHON_GLOBAL_STORAGE_KEYS
2024-02-23 13:23:03.995 [warning] Retry failed, storage update failed for key PYTHON_GLOBAL_STORAGE_KEYS
2024-02-23 13:23:08.014 [info] Starting Pylance language server.
