2024-02-23 13:21:17.899 [info] Extension host with pid 3154 started
2024-02-23 13:21:17.899 [error] Error: EEXIST: file already exists, open '/home/orangepi/.vscode-server/data/User/workspaceStorage/027afac596c6d84050390f0ae62768b0/vscode.lock'
2024-02-23 13:21:17.930 [info] Lock '/home/orangepi/.vscode-server/data/User/workspaceStorage/027afac596c6d84050390f0ae62768b0/vscode.lock': Could not acquire lock, checking if the file is stale.
2024-02-23 13:21:17.965 [info] Lock '/home/orangepi/.vscode-server/data/User/workspaceStorage/027afac596c6d84050390f0ae62768b0/vscode.lock': The pid 2901 appears to be gone.
2024-02-23 13:21:17.966 [info] Lock '/home/orangepi/.vscode-server/data/User/workspaceStorage/027afac596c6d84050390f0ae62768b0/vscode.lock': Deleting a stale lock.
2024-02-23 13:21:18.113 [info] ExtensionService#_doActivateExtension vscode.git-base, startup: false, activationEvent: '*', root cause: vscode.git
2024-02-23 13:21:18.185 [info] Lock '/home/orangepi/.vscode-server/data/User/workspaceStorage/027afac596c6d84050390f0ae62768b0/vscode.lock': Lock acquired.
2024-02-23 13:21:18.233 [info] ExtensionService#_doActivateExtension vscode.git, startup: false, activationEvent: '*'
2024-02-23 13:21:18.236 [info] ExtensionService#_doActivateExtension vscode.github, startup: false, activationEvent: '*'
2024-02-23 13:21:19.549 [info] Eager extensions activated
2024-02-23 13:21:19.552 [info] ExtensionService#_doActivateExtension vscode.debug-auto-launch, startup: false, activationEvent: 'onStartupFinished'
2024-02-23 13:21:19.556 [info] ExtensionService#_doActivateExtension vscode.merge-conflict, startup: false, activationEvent: 'onStartupFinished'
2024-02-23 13:21:30.652 [info] ExtensionService#_doActivateExtension vscode.json-language-features, startup: false, activationEvent: 'onLanguage:jsonc'
2024-02-23 13:21:30.655 [info] ExtensionService#_doActivateExtension vscode.typescript-language-features, startup: false, activationEvent: 'onLanguage:jsonc'
2024-02-23 13:21:30.660 [info] ExtensionService#_doActivateExtension vscode.emmet, startup: false, activationEvent: 'onLanguage'
2024-02-23 13:21:33.843 [error] Error: getaddrinfo ENOTFOUND mobile.events.data.microsoft.com
	at GetAddrInfoReqWrap.onlookup [as oncomplete] (node:dns:108:26)
2024-02-23 13:21:46.689 [error] Error: getaddrinfo ENOTFOUND mobile.events.data.microsoft.com
	at GetAddrInfoReqWrap.onlookup [as oncomplete] (node:dns:108:26)
2024-02-23 13:21:54.362 [error] Error: getaddrinfo ENOTFOUND mobile.events.data.microsoft.com
	at GetAddrInfoReqWrap.onlookup [as oncomplete] (node:dns:108:26)
2024-02-23 13:22:07.727 [error] Error: getaddrinfo ENOTFOUND mobile.events.data.microsoft.com
	at GetAddrInfoReqWrap.onlookup [as oncomplete] (node:dns:108:26)
2024-02-23 13:22:58.043 [info] ExtensionService#_doActivateExtension ms-python.debugpy, startup: false, activationEvent: 'onLanguage:python'
2024-02-23 13:22:58.047 [info] ExtensionService#_doActivateExtension ms-python.python, startup: false, activationEvent: 'onLanguage:python'
2024-02-23 13:23:00.976 [info] ExtensionService#_doActivateExtension ms-python.vscode-pylance, startup: false, activationEvent: 'onLanguage:python'
2024-02-23 13:23:20.566 [error] Error: getaddrinfo ENOTFOUND mobile.events.data.microsoft.com
	at GetAddrInfoReqWrap.onlookup [as oncomplete] (node:dns:108:26)
2024-02-23 13:23:23.996 [error] Error: getaddrinfo ENOTFOUND mobile.events.data.microsoft.com
	at GetAddrInfoReqWrap.onlookup [as oncomplete] (node:dns:108:26)
2024-02-23 13:23:33.404 [error] Error: getaddrinfo ENOTFOUND mobile.events.data.microsoft.com
	at GetAddrInfoReqWrap.onlookup [as oncomplete] (node:dns:108:26)
2024-02-23 13:23:34.697 [error] Error: getaddrinfo ENOTFOUND mobile.events.data.microsoft.com
	at GetAddrInfoReqWrap.onlookup [as oncomplete] (node:dns:108:26)
2024-02-23 13:23:43.414 [error] Error: getaddrinfo ENOTFOUND mobile.events.data.microsoft.com
	at GetAddrInfoReqWrap.onlookup [as oncomplete] (node:dns:108:26)
2024-02-23 13:23:47.382 [error] Error: getaddrinfo ENOTFOUND mobile.events.data.microsoft.com
	at GetAddrInfoReqWrap.onlookup [as oncomplete] (node:dns:108:26)
2024-02-23 13:24:09.030 [error] Error: getaddrinfo ENOTFOUND mobile.events.data.microsoft.com
	at GetAddrInfoReqWrap.onlookup [as oncomplete] (node:dns:108:26)
2024-02-23 13:24:22.409 [error] Error: getaddrinfo ENOTFOUND mobile.events.data.microsoft.com
	at GetAddrInfoReqWrap.onlookup [as oncomplete] (node:dns:108:26)
2024-02-23 13:28:14.987 [info] ExtensionService#_doActivateExtension vscode.npm, startup: false, activationEvent: 'onTerminalQuickFixRequest:ms-vscode.npm-command'
