2024-02-23 15:34:20.396 [info] (Client) Pylance async client (2024.2.2) started with python extension (2024.0.1)
2024-02-23 15:34:23.534 [info] [Info  - 3:34:23 PM] (4286) Pylance language server 2024.2.2 (pyright version 1.1.348, commit cfb1de0c) starting
2024-02-23 15:34:23.538 [info] [Info  - 3:34:23 PM] (4286) Server root directory: file:///home/orangepi/.vscode-server/extensions/ms-python.vscode-pylance-2024.2.2/dist
2024-02-23 15:34:23.539 [info] [Info  - 3:34:23 PM] (4286) Starting service instance "orangepi"
2024-02-23 15:34:23.921 [info] [Info  - 3:34:23 PM] (4286) Setting pythonPath for service "orangepi": "/bin/python3"
2024-02-23 15:34:23.927 [info] [Info  - 3:34:23 PM] (4286) Setting environmentName for service "orangepi": "3.9.2 (global)"
2024-02-23 15:34:24.160 [info] [Info  - 3:34:24 PM] (4286) Assuming Python version 3.9
2024-02-23 15:34:24.704 [info] [Info  - 3:34:24 PM] (4286) Found 2 source files
2024-02-23 15:34:28.006 [info] [Info  - 3:34:28 PM] (4286) Background analysis(1) root directory: file:///home/orangepi/.vscode-server/extensions/ms-python.vscode-pylance-2024.2.2/dist
2024-02-23 15:34:28.026 [info] [Info  - 3:34:28 PM] (4286) Background analysis(1) started
2024-02-23 15:34:29.689 [info] [Info  - 3:34:29 PM] (4286) Indexer background runner(2) root directory: file:///home/orangepi/.vscode-server/extensions/ms-python.vscode-pylance-2024.2.2/dist (index)
2024-02-23 15:34:29.691 [info] [Info  - 3:34:29 PM] (4286) Indexing(2) started
2024-02-23 15:34:32.913 [info] [Info  - 3:34:32 PM] (4286) [BG(1)] Long operation: checking: file:///home/orangepi/helloWendy.py (2234ms)
2024-02-23 15:34:32.915 [info] [Info  - 3:34:32 PM] (4286) [BG(1)] Long operation: analyzing: file:///home/orangepi/helloWendy.py (4349ms)
2024-02-23 15:34:36.208 [info] [Info  - 3:34:36 PM] (4286) [IDX(2)] Long operation: scan packages file:///home/orangepi (6443ms)
2024-02-23 15:34:36.210 [info] [Info  - 3:34:36 PM] (4286) scanned(2) 44 files over 1 exec env
2024-02-23 15:34:42.894 [info] [Info  - 3:34:42 PM] (4286) [IDX(2)] Long operation: index packages file:///home/orangepi (2692ms)
2024-02-23 15:34:42.895 [info] [Info  - 3:34:42 PM] (4286) indexed(2) 17 files over 1 exec env
2024-02-23 15:34:43.235 [info] [Info  - 3:34:43 PM] (4286) Indexing finished(2).
2024-02-23 15:40:48.368 [info] [Info  - 3:40:48 PM] (4286) Found 3 source files
2024-02-23 15:42:50.915 [info] [Info  - 3:42:50 PM] (4286) Found 3 source files
2024-02-23 15:43:36.287 [info] [Info  - 3:43:36 PM] (4286) Setting pythonPath for service "orangepi": "/bin/python3"
2024-02-23 15:43:36.314 [info] [Info  - 3:43:36 PM] (4286) Setting environmentName for service "orangepi": "3.9.2 (global)"
2024-02-23 15:43:36.444 [info] [Info  - 3:43:36 PM] (4286) Assuming Python version 3.9
2024-02-23 15:43:36.730 [info] [Info  - 3:43:36 PM] (4286) Found 3 source files
2024-02-23 15:43:39.903 [info] [Info  - 3:43:39 PM] (4286) Indexer background runner(3) root directory: file:///home/orangepi/.vscode-server/extensions/ms-python.vscode-pylance-2024.2.2/dist (index)
2024-02-23 15:43:39.904 [info] [Info  - 3:43:39 PM] (4286) Indexing(3) started
2024-02-23 15:43:43.513 [info] [Info  - 3:43:43 PM] (4286) [IDX(3)] Long operation: scan packages file:///home/orangepi (2941ms)
2024-02-23 15:43:43.514 [info] [Info  - 3:43:43 PM] (4286) scanned(3) 44 files over 1 exec env
2024-02-23 15:43:47.291 [info] [Info  - 3:43:47 PM] (4286) indexed(3) 17 files over 1 exec env
2024-02-23 15:43:47.567 [info] [Info  - 3:43:47 PM] (4286) Indexing finished(3).
2024-02-23 15:53:07.887 [info] [Info  - 3:53:07 PM] (4286) Found 4 source files
2024-02-23 15:54:32.194 [info] [Info  - 3:54:32 PM] (4286) Found 3 source files
2024-02-23 15:54:44.515 [info] [Info  - 3:54:44 PM] (4286) Found 4 source files
2024-02-23 15:56:32.940 [info] [Info  - 3:56:32 PM] (4286) Found 5 source files
2024-02-23 15:57:54.197 [info] [Info  - 3:57:54 PM] (4286) Found 6 source files
2024-02-23 16:02:44.515 [info] [Info  - 4:02:44 PM] (4286) Found 7 source files
2024-02-23 16:11:10.646 [info] [Info  - 4:11:10 PM] (4286) Found 36 source files
2024-02-23 16:12:08.721 [info] [Info  - 4:12:08 PM] (4286) Indexer background runner(4) root directory: file:///home/orangepi/.vscode-server/extensions/ms-python.vscode-pylance-2024.2.2/dist (refresh)
2024-02-23 16:12:08.722 [info] [Info  - 4:12:08 PM] (4286) Indexing(4) started
2024-02-23 16:12:12.679 [info] [Info  - 4:12:12 PM] (4286) [IDX(4)] Long operation: scan packages file:///home/orangepi (3923ms)
2024-02-23 16:12:12.680 [info] [Info  - 4:12:12 PM] (4286) scanned(4) 45 files over 1 exec env
2024-02-23 16:12:17.540 [info] [Info  - 4:12:17 PM] (4286) indexed(4) 18 files over 1 exec env
2024-02-23 16:12:17.868 [info] [Info  - 4:12:17 PM] (4286) Indexing finished(4).
2024-02-23 16:12:58.808 [info] [Info  - 4:12:58 PM] (4286) Found 37 source files
2024-02-23 16:13:27.141 [info] [Info  - 4:13:27 PM] (4286) Found 38 source files
2024-02-23 16:13:35.015 [info] [Info  - 4:13:35 PM] (4286) Indexer background runner(5) root directory: file:///home/orangepi/.vscode-server/extensions/ms-python.vscode-pylance-2024.2.2/dist (refresh)
2024-02-23 16:13:35.016 [info] [Info  - 4:13:35 PM] (4286) Indexing(5) started
2024-02-23 16:13:39.153 [info] [Info  - 4:13:39 PM] (4286) [IDX(5)] Long operation: scan packages file:///home/orangepi (4099ms)
2024-02-23 16:13:39.154 [info] [Info  - 4:13:39 PM] (4286) scanned(5) 45 files over 1 exec env
2024-02-23 16:13:43.275 [info] [Info  - 4:13:43 PM] (4286) indexed(5) 18 files over 1 exec env
2024-02-23 16:13:43.546 [info] [Info  - 4:13:43 PM] (4286) Indexing finished(5).
2024-02-23 16:14:05.393 [info] [Info  - 4:14:05 PM] (4286) Found 39 source files
2024-02-23 16:19:25.447 [info] [Info  - 4:19:25 PM] (4286) Indexer background runner(6) root directory: file:///home/orangepi/.vscode-server/extensions/ms-python.vscode-pylance-2024.2.2/dist (refresh)
2024-02-23 16:19:25.450 [info] [Info  - 4:19:25 PM] (4286) Indexing(6) started
2024-02-23 16:19:29.792 [info] [Info  - 4:19:29 PM] (4286) [IDX(6)] Long operation: scan packages file:///home/orangepi (3572ms)
2024-02-23 16:19:29.793 [info] [Info  - 4:19:29 PM] (4286) scanned(6) 45 files over 1 exec env
2024-02-23 16:19:33.552 [info] [Info  - 4:19:33 PM] (4286) indexed(6) 18 files over 1 exec env
2024-02-23 16:19:33.837 [info] [Info  - 4:19:33 PM] (4286) Indexing finished(6).
2024-02-23 16:39:53.934 [info] [Info  - 4:39:53 PM] (4286) Found 40 source files
