2024-02-23 15:34:18.334 [info] Log level: Info
2024-02-23 15:34:18.334 [info] Validating found git in: "git"
2024-02-23 15:34:18.334 [info] Using git "2.30.2" from "git"
2024-02-23 15:34:18.334 [info] > git rev-parse --show-toplevel [88ms]
2024-02-23 15:34:18.334 [info] > git rev-parse --git-dir --git-common-dir [50ms]
2024-02-23 15:34:18.334 [info] Open repository: /home/orangepi
2024-02-23 15:34:18.334 [info] > git rev-parse --show-toplevel [22ms]
2024-02-23 15:34:18.334 [info] > git config --get commit.template [56ms]
2024-02-23 15:34:18.334 [info] > git rev-parse --show-toplevel [73ms]
2024-02-23 15:34:18.334 [info] > git for-each-ref --format=%(refname)%00%(upstream:short)%00%(objectname)%00%(upstream:track)%00%(upstream:remotename)%00%(upstream:remoteref) refs/heads/main refs/remotes/main [89ms]
2024-02-23 15:34:18.334 [info] > git rev-parse --show-toplevel [71ms]
2024-02-23 15:34:18.334 [info] > git rev-parse --show-toplevel [37ms]
2024-02-23 15:34:18.334 [info] > git rev-parse --show-toplevel [22ms]
2024-02-23 15:34:18.334 [info] > git rev-parse --show-toplevel [63ms]
2024-02-23 15:34:18.334 [info] > git rev-parse --show-toplevel [22ms]
2024-02-23 15:34:18.334 [info] > git status -z -uall [416ms]
2024-02-23 15:34:18.334 [info] > git rev-parse --show-toplevel [16ms]
2024-02-23 15:34:18.335 [info] > git config --get commit.template [262ms]
2024-02-23 15:34:18.335 [info] > git rev-parse --show-toplevel [295ms]
2024-02-23 15:34:18.335 [info] > git for-each-ref --format=%(refname)%00%(upstream:short)%00%(objectname)%00%(upstream:track)%00%(upstream:remotename)%00%(upstream:remoteref) refs/heads/main refs/remotes/main [10ms]
2024-02-23 15:34:18.335 [info] > git rev-parse --show-toplevel [68ms]
2024-02-23 15:34:18.335 [info] > git rev-parse --show-toplevel [12ms]
2024-02-23 15:34:18.335 [info] > git rev-parse --show-toplevel [15ms]
2024-02-23 15:34:18.335 [info] > git rev-parse --show-toplevel [16ms]
2024-02-23 15:34:18.373 [info] > git status -z -uall [216ms]
2024-02-23 15:34:18.400 [info] > git rev-parse --show-toplevel [35ms]
2024-02-23 15:34:18.663 [info] > git rev-parse --show-toplevel [68ms]
2024-02-23 15:34:18.826 [info] > git rev-parse --show-toplevel [41ms]
2024-02-23 15:34:18.873 [info] > git rev-parse --show-toplevel [12ms]
2024-02-23 15:34:19.262 [info] > git show --textconv :helloWendy.py [38ms]
2024-02-23 15:34:19.278 [info] > git ls-files --stage -- /home/orangepi/helloWendy.py [21ms]
2024-02-23 15:34:19.313 [info] > git cat-file -s 533c3d50a87b8201bc688830842e0acf9309c0a3 [7ms]
2024-02-23 15:34:19.768 [info] > git check-ignore -v -z --stdin [418ms]
2024-02-23 15:34:21.281 [info] > git config --get commit.template [7ms]
2024-02-23 15:34:21.321 [info] > git for-each-ref --format=%(refname)%00%(upstream:short)%00%(objectname)%00%(upstream:track)%00%(upstream:remotename)%00%(upstream:remoteref) refs/heads/main refs/remotes/main [7ms]
2024-02-23 15:34:21.539 [info] > git status -z -uall [188ms]
2024-02-23 15:34:26.663 [info] > git config --get commit.template [47ms]
2024-02-23 15:34:26.711 [info] > git for-each-ref --format=%(refname)%00%(upstream:short)%00%(objectname)%00%(upstream:track)%00%(upstream:remotename)%00%(upstream:remoteref) refs/heads/main refs/remotes/main [53ms]
2024-02-23 15:34:27.019 [info] > git status -z -uall [257ms]
2024-02-23 15:34:32.156 [info] > git config --get commit.template [59ms]
2024-02-23 15:34:32.168 [info] > git for-each-ref --format=%(refname)%00%(upstream:short)%00%(objectname)%00%(upstream:track)%00%(upstream:remotename)%00%(upstream:remoteref) refs/heads/main refs/remotes/main [19ms]
2024-02-23 15:34:32.543 [info] > git status -z -uall [332ms]
2024-02-23 15:34:37.616 [info] > git config --get commit.template [4ms]
2024-02-23 15:34:37.651 [info] > git for-each-ref --format=%(refname)%00%(upstream:short)%00%(objectname)%00%(upstream:track)%00%(upstream:remotename)%00%(upstream:remoteref) refs/heads/main refs/remotes/main [6ms]
2024-02-23 15:34:37.885 [info] > git status -z -uall [204ms]
2024-02-23 15:34:42.950 [info] > git config --get commit.template [5ms]
2024-02-23 15:34:42.988 [info] > git for-each-ref --format=%(refname)%00%(upstream:short)%00%(objectname)%00%(upstream:track)%00%(upstream:remotename)%00%(upstream:remoteref) refs/heads/main refs/remotes/main [7ms]
2024-02-23 15:34:43.204 [info] > git status -z -uall [186ms]
2024-02-23 15:34:48.283 [info] > git config --get commit.template [34ms]
2024-02-23 15:34:48.285 [info] > git for-each-ref --format=%(refname)%00%(upstream:short)%00%(objectname)%00%(upstream:track)%00%(upstream:remotename)%00%(upstream:remoteref) refs/heads/main refs/remotes/main [6ms]
2024-02-23 15:34:48.470 [info] > git status -z -uall [159ms]
2024-02-23 15:34:53.620 [info] > git config --get commit.template [68ms]
2024-02-23 15:34:53.623 [info] > git for-each-ref --format=%(refname)%00%(upstream:short)%00%(objectname)%00%(upstream:track)%00%(upstream:remotename)%00%(upstream:remoteref) refs/heads/main refs/remotes/main [8ms]
2024-02-23 15:34:53.809 [info] > git status -z -uall [159ms]
2024-02-23 15:34:58.969 [info] > git config --get commit.template [68ms]
2024-02-23 15:34:58.973 [info] > git for-each-ref --format=%(refname)%00%(upstream:short)%00%(objectname)%00%(upstream:track)%00%(upstream:remotename)%00%(upstream:remoteref) refs/heads/main refs/remotes/main [14ms]
2024-02-23 15:34:59.187 [info] > git status -z -uall [158ms]
2024-02-23 15:35:04.262 [info] > git config --get commit.template [31ms]
2024-02-23 15:35:04.264 [info] > git for-each-ref --format=%(refname)%00%(upstream:short)%00%(objectname)%00%(upstream:track)%00%(upstream:remotename)%00%(upstream:remoteref) refs/heads/main refs/remotes/main [6ms]
2024-02-23 15:35:04.456 [info] > git status -z -uall [166ms]
2024-02-23 15:35:09.609 [info] > git config --get commit.template [71ms]
2024-02-23 15:35:09.614 [info] > git for-each-ref --format=%(refname)%00%(upstream:short)%00%(objectname)%00%(upstream:track)%00%(upstream:remotename)%00%(upstream:remoteref) refs/heads/main refs/remotes/main [13ms]
2024-02-23 15:35:09.825 [info] > git status -z -uall [163ms]
2024-02-23 15:35:14.978 [info] > git config --get commit.template [69ms]
2024-02-23 15:35:14.983 [info] > git for-each-ref --format=%(refname)%00%(upstream:short)%00%(objectname)%00%(upstream:track)%00%(upstream:remotename)%00%(upstream:remoteref) refs/heads/main refs/remotes/main [11ms]
2024-02-23 15:35:15.209 [info] > git status -z -uall [167ms]
2024-02-23 15:35:20.335 [info] > git config --get commit.template [51ms]
2024-02-23 15:35:20.339 [info] > git for-each-ref --format=%(refname)%00%(upstream:short)%00%(objectname)%00%(upstream:track)%00%(upstream:remotename)%00%(upstream:remoteref) refs/heads/main refs/remotes/main [10ms]
2024-02-23 15:35:20.589 [info] > git status -z -uall [207ms]
2024-02-23 15:35:25.663 [info] > git config --get commit.template [31ms]
2024-02-23 15:35:25.665 [info] > git for-each-ref --format=%(refname)%00%(upstream:short)%00%(objectname)%00%(upstream:track)%00%(upstream:remotename)%00%(upstream:remoteref) refs/heads/main refs/remotes/main [6ms]
2024-02-23 15:35:25.978 [info] > git status -z -uall [265ms]
2024-02-23 15:35:31.099 [info] > git config --get commit.template [43ms]
2024-02-23 15:35:31.102 [info] > git for-each-ref --format=%(refname)%00%(upstream:short)%00%(objectname)%00%(upstream:track)%00%(upstream:remotename)%00%(upstream:remoteref) refs/heads/main refs/remotes/main [5ms]
2024-02-23 15:35:31.286 [info] > git status -z -uall [158ms]
2024-02-23 15:35:36.359 [info] > git config --get commit.template [32ms]
2024-02-23 15:35:36.361 [info] > git for-each-ref --format=%(refname)%00%(upstream:short)%00%(objectname)%00%(upstream:track)%00%(upstream:remotename)%00%(upstream:remoteref) refs/heads/main refs/remotes/main [6ms]
2024-02-23 15:35:36.548 [info] > git status -z -uall [159ms]
2024-02-23 15:35:41.695 [info] > git config --get commit.template [68ms]
2024-02-23 15:35:41.697 [info] > git for-each-ref --format=%(refname)%00%(upstream:short)%00%(objectname)%00%(upstream:track)%00%(upstream:remotename)%00%(upstream:remoteref) refs/heads/main refs/remotes/main [8ms]
2024-02-23 15:35:41.886 [info] > git status -z -uall [162ms]
2024-02-23 15:35:47.032 [info] > git config --get commit.template [66ms]
2024-02-23 15:35:47.035 [info] > git for-each-ref --format=%(refname)%00%(upstream:short)%00%(objectname)%00%(upstream:track)%00%(upstream:remotename)%00%(upstream:remoteref) refs/heads/main refs/remotes/main [6ms]
2024-02-23 15:35:47.222 [info] > git status -z -uall [160ms]
2024-02-23 15:35:52.357 [info] > git config --get commit.template [53ms]
2024-02-23 15:35:52.362 [info] > git for-each-ref --format=%(refname)%00%(upstream:short)%00%(objectname)%00%(upstream:track)%00%(upstream:remotename)%00%(upstream:remoteref) refs/heads/main refs/remotes/main [9ms]
2024-02-23 15:35:52.619 [info] > git status -z -uall [213ms]
2024-02-23 15:35:57.752 [info] > git config --get commit.template [52ms]
2024-02-23 15:35:57.755 [info] > git for-each-ref --format=%(refname)%00%(upstream:short)%00%(objectname)%00%(upstream:track)%00%(upstream:remotename)%00%(upstream:remoteref) refs/heads/main refs/remotes/main [9ms]
2024-02-23 15:35:58.006 [info] > git status -z -uall [210ms]
2024-02-23 15:36:03.151 [info] > git config --get commit.template [63ms]
2024-02-23 15:36:03.153 [info] > git for-each-ref --format=%(refname)%00%(upstream:short)%00%(objectname)%00%(upstream:track)%00%(upstream:remotename)%00%(upstream:remoteref) refs/heads/main refs/remotes/main [7ms]
2024-02-23 15:36:03.347 [info] > git status -z -uall [165ms]
2024-02-23 15:36:08.496 [info] > git config --get commit.template [69ms]
2024-02-23 15:36:08.503 [info] > git for-each-ref --format=%(refname)%00%(upstream:short)%00%(objectname)%00%(upstream:track)%00%(upstream:remotename)%00%(upstream:remoteref) refs/heads/main refs/remotes/main [12ms]
2024-02-23 15:36:08.699 [info] > git status -z -uall [160ms]
2024-02-23 15:36:13.827 [info] > git for-each-ref --format=%(refname)%00%(upstream:short)%00%(objectname)%00%(upstream:track)%00%(upstream:remotename)%00%(upstream:remoteref) refs/heads/main refs/remotes/main [11ms]
2024-02-23 15:36:13.828 [info] > git config --get commit.template [59ms]
2024-02-23 15:36:14.077 [info] > git status -z -uall [204ms]
2024-02-23 15:36:19.204 [info] > git config --get commit.template [52ms]
2024-02-23 15:36:19.209 [info] > git for-each-ref --format=%(refname)%00%(upstream:short)%00%(objectname)%00%(upstream:track)%00%(upstream:remotename)%00%(upstream:remoteref) refs/heads/main refs/remotes/main [10ms]
2024-02-23 15:36:19.459 [info] > git status -z -uall [206ms]
2024-02-23 15:36:24.590 [info] > git config --get commit.template [50ms]
2024-02-23 15:36:24.599 [info] > git for-each-ref --format=%(refname)%00%(upstream:short)%00%(objectname)%00%(upstream:track)%00%(upstream:remotename)%00%(upstream:remoteref) refs/heads/main refs/remotes/main [12ms]
2024-02-23 15:36:24.849 [info] > git status -z -uall [210ms]
2024-02-23 15:36:29.974 [info] > git config --get commit.template [46ms]
2024-02-23 15:36:29.976 [info] > git for-each-ref --format=%(refname)%00%(upstream:short)%00%(objectname)%00%(upstream:track)%00%(upstream:remotename)%00%(upstream:remoteref) refs/heads/main refs/remotes/main [5ms]
2024-02-23 15:36:30.160 [info] > git status -z -uall [157ms]
2024-02-23 15:36:35.311 [info] > git config --get commit.template [69ms]
2024-02-23 15:36:35.315 [info] > git for-each-ref --format=%(refname)%00%(upstream:short)%00%(objectname)%00%(upstream:track)%00%(upstream:remotename)%00%(upstream:remoteref) refs/heads/main refs/remotes/main [10ms]
2024-02-23 15:36:35.536 [info] > git status -z -uall [162ms]
2024-02-23 15:36:40.683 [info] > git config --get commit.template [69ms]
2024-02-23 15:36:40.688 [info] > git for-each-ref --format=%(refname)%00%(upstream:short)%00%(objectname)%00%(upstream:track)%00%(upstream:remotename)%00%(upstream:remoteref) refs/heads/main refs/remotes/main [12ms]
2024-02-23 15:36:40.912 [info] > git status -z -uall [174ms]
2024-02-23 15:36:46.043 [info] > git config --get commit.template [52ms]
2024-02-23 15:36:46.046 [info] > git for-each-ref --format=%(refname)%00%(upstream:short)%00%(objectname)%00%(upstream:track)%00%(upstream:remotename)%00%(upstream:remoteref) refs/heads/main refs/remotes/main [8ms]
2024-02-23 15:36:46.306 [info] > git status -z -uall [215ms]
2024-02-23 15:36:51.434 [info] > git config --get commit.template [52ms]
2024-02-23 15:36:51.438 [info] > git for-each-ref --format=%(refname)%00%(upstream:short)%00%(objectname)%00%(upstream:track)%00%(upstream:remotename)%00%(upstream:remoteref) refs/heads/main refs/remotes/main [8ms]
2024-02-23 15:36:51.701 [info] > git status -z -uall [217ms]
2024-02-23 15:36:56.776 [info] > git for-each-ref --format=%(refname)%00%(upstream:short)%00%(objectname)%00%(upstream:track)%00%(upstream:remotename)%00%(upstream:remoteref) refs/heads/main refs/remotes/main [8ms]
2024-02-23 15:36:56.777 [info] > git config --get commit.template [37ms]
2024-02-23 15:36:56.964 [info] > git status -z -uall [160ms]
2024-02-23 15:37:02.016 [info] > git config --get commit.template [5ms]
2024-02-23 15:37:02.048 [info] > git for-each-ref --format=%(refname)%00%(upstream:short)%00%(objectname)%00%(upstream:track)%00%(upstream:remotename)%00%(upstream:remoteref) refs/heads/main refs/remotes/main [5ms]
2024-02-23 15:37:02.255 [info] > git status -z -uall [179ms]
2024-02-23 15:37:07.332 [info] > git config --get commit.template [30ms]
2024-02-23 15:37:07.334 [info] > git for-each-ref --format=%(refname)%00%(upstream:short)%00%(objectname)%00%(upstream:track)%00%(upstream:remotename)%00%(upstream:remoteref) refs/heads/main refs/remotes/main [5ms]
2024-02-23 15:37:07.519 [info] > git status -z -uall [157ms]
2024-02-23 15:37:12.594 [info] > git config --get commit.template [33ms]
2024-02-23 15:37:12.596 [info] > git for-each-ref --format=%(refname)%00%(upstream:short)%00%(objectname)%00%(upstream:track)%00%(upstream:remotename)%00%(upstream:remoteref) refs/heads/main refs/remotes/main [7ms]
2024-02-23 15:37:12.788 [info] > git status -z -uall [165ms]
2024-02-23 15:37:17.862 [info] > git config --get commit.template [31ms]
2024-02-23 15:37:17.865 [info] > git for-each-ref --format=%(refname)%00%(upstream:short)%00%(objectname)%00%(upstream:track)%00%(upstream:remotename)%00%(upstream:remoteref) refs/heads/main refs/remotes/main [4ms]
2024-02-23 15:37:18.069 [info] > git status -z -uall [177ms]
2024-02-23 15:37:23.125 [info] > git config --get commit.template [5ms]
2024-02-23 15:37:23.156 [info] > git for-each-ref --format=%(refname)%00%(upstream:short)%00%(objectname)%00%(upstream:track)%00%(upstream:remotename)%00%(upstream:remoteref) refs/heads/main refs/remotes/main [4ms]
2024-02-23 15:37:23.341 [info] > git status -z -uall [159ms]
2024-02-23 15:37:28.474 [info] > git config --get commit.template [57ms]
2024-02-23 15:37:28.476 [info] > git for-each-ref --format=%(refname)%00%(upstream:short)%00%(objectname)%00%(upstream:track)%00%(upstream:remotename)%00%(upstream:remoteref) refs/heads/main refs/remotes/main [5ms]
2024-02-23 15:37:28.661 [info] > git status -z -uall [158ms]
2024-02-23 15:37:33.818 [info] > git config --get commit.template [70ms]
2024-02-23 15:37:33.822 [info] > git for-each-ref --format=%(refname)%00%(upstream:short)%00%(objectname)%00%(upstream:track)%00%(upstream:remotename)%00%(upstream:remoteref) refs/heads/main refs/remotes/main [12ms]
2024-02-23 15:37:34.038 [info] > git status -z -uall [159ms]
2024-02-23 15:37:39.153 [info] > git config --get commit.template [54ms]
2024-02-23 15:37:39.158 [info] > git for-each-ref --format=%(refname)%00%(upstream:short)%00%(objectname)%00%(upstream:track)%00%(upstream:remotename)%00%(upstream:remoteref) refs/heads/main refs/remotes/main [10ms]
2024-02-23 15:37:39.388 [info] > git status -z -uall [186ms]
2024-02-23 15:37:44.460 [info] > git config --get commit.template [31ms]
2024-02-23 15:37:44.462 [info] > git for-each-ref --format=%(refname)%00%(upstream:short)%00%(objectname)%00%(upstream:track)%00%(upstream:remotename)%00%(upstream:remoteref) refs/heads/main refs/remotes/main [5ms]
2024-02-23 15:37:44.721 [info] > git status -z -uall [231ms]
2024-02-23 15:37:49.872 [info] > git config --get commit.template [71ms]
2024-02-23 15:37:49.876 [info] > git for-each-ref --format=%(refname)%00%(upstream:short)%00%(objectname)%00%(upstream:track)%00%(upstream:remotename)%00%(upstream:remoteref) refs/heads/main refs/remotes/main [13ms]
2024-02-23 15:37:50.070 [info] > git status -z -uall [157ms]
2024-02-23 15:37:55.190 [info] > git config --get commit.template [53ms]
2024-02-23 15:37:55.195 [info] > git for-each-ref --format=%(refname)%00%(upstream:short)%00%(objectname)%00%(upstream:track)%00%(upstream:remotename)%00%(upstream:remoteref) refs/heads/main refs/remotes/main [9ms]
2024-02-23 15:37:55.439 [info] > git status -z -uall [200ms]
2024-02-23 15:38:00.512 [info] > git config --get commit.template [33ms]
2024-02-23 15:38:00.515 [info] > git for-each-ref --format=%(refname)%00%(upstream:short)%00%(objectname)%00%(upstream:track)%00%(upstream:remotename)%00%(upstream:remoteref) refs/heads/main refs/remotes/main [8ms]
2024-02-23 15:38:00.702 [info] > git status -z -uall [160ms]
2024-02-23 15:38:05.776 [info] > git config --get commit.template [31ms]
2024-02-23 15:38:05.778 [info] > git for-each-ref --format=%(refname)%00%(upstream:short)%00%(objectname)%00%(upstream:track)%00%(upstream:remotename)%00%(upstream:remoteref) refs/heads/main refs/remotes/main [5ms]
2024-02-23 15:38:05.969 [info] > git status -z -uall [164ms]
2024-02-23 15:38:11.094 [info] > git config --get commit.template [51ms]
2024-02-23 15:38:11.098 [info] > git for-each-ref --format=%(refname)%00%(upstream:short)%00%(objectname)%00%(upstream:track)%00%(upstream:remotename)%00%(upstream:remoteref) refs/heads/main refs/remotes/main [9ms]
2024-02-23 15:38:11.348 [info] > git status -z -uall [207ms]
2024-02-23 15:38:16.419 [info] > git config --get commit.template [31ms]
2024-02-23 15:38:16.421 [info] > git for-each-ref --format=%(refname)%00%(upstream:short)%00%(objectname)%00%(upstream:track)%00%(upstream:remotename)%00%(upstream:remoteref) refs/heads/main refs/remotes/main [5ms]
2024-02-23 15:38:16.605 [info] > git status -z -uall [158ms]
2024-02-23 15:38:21.679 [info] > git config --get commit.template [4ms]
2024-02-23 15:38:21.735 [info] > git for-each-ref --format=%(refname)%00%(upstream:short)%00%(objectname)%00%(upstream:track)%00%(upstream:remotename)%00%(upstream:remoteref) refs/heads/main refs/remotes/main [11ms]
2024-02-23 15:38:21.978 [info] > git status -z -uall [201ms]
2024-02-23 15:38:24.911 [info] > git check-ignore -v -z --stdin [51ms]
2024-02-23 15:38:27.126 [info] > git config --get commit.template [70ms]
2024-02-23 15:38:27.130 [info] > git for-each-ref --format=%(refname)%00%(upstream:short)%00%(objectname)%00%(upstream:track)%00%(upstream:remotename)%00%(upstream:remoteref) refs/heads/main refs/remotes/main [11ms]
2024-02-23 15:38:27.324 [info] > git status -z -uall [162ms]
2024-02-23 15:38:32.444 [info] > git config --get commit.template [52ms]
2024-02-23 15:38:32.447 [info] > git for-each-ref --format=%(refname)%00%(upstream:short)%00%(objectname)%00%(upstream:track)%00%(upstream:remotename)%00%(upstream:remoteref) refs/heads/main refs/remotes/main [9ms]
2024-02-23 15:38:32.688 [info] > git status -z -uall [197ms]
2024-02-23 15:38:37.748 [info] > git config --get commit.template [5ms]
2024-02-23 15:38:37.784 [info] > git for-each-ref --format=%(refname)%00%(upstream:short)%00%(objectname)%00%(upstream:track)%00%(upstream:remotename)%00%(upstream:remoteref) refs/heads/main refs/remotes/main [7ms]
2024-02-23 15:38:37.985 [info] > git status -z -uall [171ms]
2024-02-23 15:38:43.130 [info] > git config --get commit.template [69ms]
2024-02-23 15:38:43.135 [info] > git for-each-ref --format=%(refname)%00%(upstream:short)%00%(objectname)%00%(upstream:track)%00%(upstream:remotename)%00%(upstream:remoteref) refs/heads/main refs/remotes/main [11ms]
2024-02-23 15:38:43.343 [info] > git status -z -uall [159ms]
2024-02-23 15:38:48.465 [info] > git config --get commit.template [52ms]
2024-02-23 15:38:48.469 [info] > git for-each-ref --format=%(refname)%00%(upstream:short)%00%(objectname)%00%(upstream:track)%00%(upstream:remotename)%00%(upstream:remoteref) refs/heads/main refs/remotes/main [9ms]
2024-02-23 15:38:48.713 [info] > git status -z -uall [200ms]
2024-02-23 15:38:53.859 [info] > git config --get commit.template [70ms]
2024-02-23 15:38:53.864 [info] > git for-each-ref --format=%(refname)%00%(upstream:short)%00%(objectname)%00%(upstream:track)%00%(upstream:remotename)%00%(upstream:remoteref) refs/heads/main refs/remotes/main [11ms]
2024-02-23 15:38:54.070 [info] > git status -z -uall [161ms]
2024-02-23 15:38:59.149 [info] > git config --get commit.template [33ms]
2024-02-23 15:38:59.152 [info] > git for-each-ref --format=%(refname)%00%(upstream:short)%00%(objectname)%00%(upstream:track)%00%(upstream:remotename)%00%(upstream:remoteref) refs/heads/main refs/remotes/main [6ms]
2024-02-23 15:38:59.338 [info] > git status -z -uall [158ms]
2024-02-23 15:39:04.385 [info] > git config --get commit.template [5ms]
2024-02-23 15:39:04.416 [info] > git for-each-ref --format=%(refname)%00%(upstream:short)%00%(objectname)%00%(upstream:track)%00%(upstream:remotename)%00%(upstream:remoteref) refs/heads/main refs/remotes/main [4ms]
2024-02-23 15:39:04.601 [info] > git status -z -uall [159ms]
2024-02-23 15:39:25.598 [info] > git config --get commit.template [72ms]
2024-02-23 15:39:25.602 [info] > git for-each-ref --format=%(refname)%00%(upstream:short)%00%(objectname)%00%(upstream:track)%00%(upstream:remotename)%00%(upstream:remoteref) refs/heads/main refs/remotes/main [13ms]
2024-02-23 15:39:25.825 [info] > git status -z -uall [169ms]
2024-02-23 15:39:30.892 [info] > git config --get commit.template [10ms]
2024-02-23 15:39:30.924 [info] > git for-each-ref --format=%(refname)%00%(upstream:short)%00%(objectname)%00%(upstream:track)%00%(upstream:remotename)%00%(upstream:remoteref) refs/heads/main refs/remotes/main [5ms]
2024-02-23 15:39:31.109 [info] > git status -z -uall [158ms]
2024-02-23 15:39:32.496 [info] > git check-ignore -v -z --stdin [18ms]
2024-02-23 15:39:36.181 [info] > git config --get commit.template [32ms]
2024-02-23 15:39:36.183 [info] > git for-each-ref --format=%(refname)%00%(upstream:short)%00%(objectname)%00%(upstream:track)%00%(upstream:remotename)%00%(upstream:remoteref) refs/heads/main refs/remotes/main [6ms]
2024-02-23 15:39:36.369 [info] > git status -z -uall [160ms]
2024-02-23 15:39:41.476 [info] > git config --get commit.template [48ms]
2024-02-23 15:39:41.478 [info] > git for-each-ref --format=%(refname)%00%(upstream:short)%00%(objectname)%00%(upstream:track)%00%(upstream:remotename)%00%(upstream:remoteref) refs/heads/main refs/remotes/main [6ms]
2024-02-23 15:39:41.662 [info] > git status -z -uall [158ms]
2024-02-23 15:39:46.706 [info] > git config --get commit.template [4ms]
2024-02-23 15:39:46.738 [info] > git for-each-ref --format=%(refname)%00%(upstream:short)%00%(objectname)%00%(upstream:track)%00%(upstream:remotename)%00%(upstream:remoteref) refs/heads/main refs/remotes/main [5ms]
2024-02-23 15:39:46.925 [info] > git status -z -uall [161ms]
2024-02-23 15:39:51.996 [info] > git config --get commit.template [32ms]
2024-02-23 15:39:51.999 [info] > git for-each-ref --format=%(refname)%00%(upstream:short)%00%(objectname)%00%(upstream:track)%00%(upstream:remotename)%00%(upstream:remoteref) refs/heads/main refs/remotes/main [7ms]
2024-02-23 15:39:52.187 [info] > git status -z -uall [161ms]
2024-02-23 15:39:57.259 [info] > git config --get commit.template [31ms]
2024-02-23 15:39:57.261 [info] > git for-each-ref --format=%(refname)%00%(upstream:short)%00%(objectname)%00%(upstream:track)%00%(upstream:remotename)%00%(upstream:remoteref) refs/heads/main refs/remotes/main [6ms]
2024-02-23 15:39:57.447 [info] > git status -z -uall [158ms]
2024-02-23 15:40:02.564 [info] > git for-each-ref --format=%(refname)%00%(upstream:short)%00%(objectname)%00%(upstream:track)%00%(upstream:remotename)%00%(upstream:remoteref) refs/heads/main refs/remotes/main [6ms]
2024-02-23 15:40:02.565 [info] > git config --get commit.template [44ms]
2024-02-23 15:40:02.750 [info] > git status -z -uall [157ms]
2024-02-23 15:40:07.828 [info] > git config --get commit.template [35ms]
2024-02-23 15:40:07.863 [info] > git check-ignore -v -z --stdin [40ms]
2024-02-23 15:40:07.868 [info] > git for-each-ref --format=%(refname)%00%(upstream:short)%00%(objectname)%00%(upstream:track)%00%(upstream:remotename)%00%(upstream:remoteref) refs/heads/main refs/remotes/main [10ms]
2024-02-23 15:40:08.061 [info] > git status -z -uall [165ms]
2024-02-23 15:40:13.133 [info] > git config --get commit.template [32ms]
2024-02-23 15:40:13.135 [info] > git for-each-ref --format=%(refname)%00%(upstream:short)%00%(objectname)%00%(upstream:track)%00%(upstream:remotename)%00%(upstream:remoteref) refs/heads/main refs/remotes/main [5ms]
2024-02-23 15:40:13.324 [info] > git status -z -uall [162ms]
2024-02-23 15:40:18.446 [info] > git config --get commit.template [46ms]
2024-02-23 15:40:18.448 [info] > git for-each-ref --format=%(refname)%00%(upstream:short)%00%(objectname)%00%(upstream:track)%00%(upstream:remotename)%00%(upstream:remoteref) refs/heads/main refs/remotes/main [5ms]
2024-02-23 15:40:18.633 [info] > git status -z -uall [158ms]
2024-02-23 15:40:23.704 [info] > git config --get commit.template [31ms]
2024-02-23 15:40:23.706 [info] > git for-each-ref --format=%(refname)%00%(upstream:short)%00%(objectname)%00%(upstream:track)%00%(upstream:remotename)%00%(upstream:remoteref) refs/heads/main refs/remotes/main [5ms]
2024-02-23 15:40:23.895 [info] > git status -z -uall [163ms]
2024-02-23 15:40:29.021 [info] > git config --get commit.template [52ms]
2024-02-23 15:40:29.025 [info] > git for-each-ref --format=%(refname)%00%(upstream:short)%00%(objectname)%00%(upstream:track)%00%(upstream:remotename)%00%(upstream:remoteref) refs/heads/main refs/remotes/main [10ms]
2024-02-23 15:40:29.283 [info] > git status -z -uall [215ms]
2024-02-23 15:40:34.406 [info] > git config --get commit.template [47ms]
2024-02-23 15:40:34.408 [info] > git for-each-ref --format=%(refname)%00%(upstream:short)%00%(objectname)%00%(upstream:track)%00%(upstream:remotename)%00%(upstream:remoteref) refs/heads/main refs/remotes/main [6ms]
2024-02-23 15:40:34.593 [info] > git status -z -uall [157ms]
2024-02-23 15:40:39.667 [info] > git config --get commit.template [33ms]
2024-02-23 15:40:39.671 [info] > git for-each-ref --format=%(refname)%00%(upstream:short)%00%(objectname)%00%(upstream:track)%00%(upstream:remotename)%00%(upstream:remoteref) refs/heads/main refs/remotes/main [7ms]
2024-02-23 15:40:39.999 [info] > git status -z -uall [301ms]
2024-02-23 15:40:45.145 [info] > git config --get commit.template [67ms]
2024-02-23 15:40:45.150 [info] > git for-each-ref --format=%(refname)%00%(upstream:short)%00%(objectname)%00%(upstream:track)%00%(upstream:remotename)%00%(upstream:remoteref) refs/heads/main refs/remotes/main [11ms]
2024-02-23 15:40:45.369 [info] > git status -z -uall [161ms]
2024-02-23 15:40:50.443 [info] > git config --get commit.template [31ms]
2024-02-23 15:40:50.446 [info] > git for-each-ref --format=%(refname)%00%(upstream:short)%00%(objectname)%00%(upstream:track)%00%(upstream:remotename)%00%(upstream:remoteref) refs/heads/main refs/remotes/main [5ms]
2024-02-23 15:40:50.642 [info] > git status -z -uall [168ms]
2024-02-23 15:40:55.723 [info] > git config --get commit.template [8ms]
2024-02-23 15:40:55.774 [info] > git for-each-ref --format=%(refname)%00%(upstream:short)%00%(objectname)%00%(upstream:track)%00%(upstream:remotename)%00%(upstream:remoteref) refs/heads/main refs/remotes/main [7ms]
2024-02-23 15:40:56.034 [info] > git status -z -uall [215ms]
2024-02-23 15:41:01.106 [info] > git config --get commit.template [33ms]
2024-02-23 15:41:01.109 [info] > git for-each-ref --format=%(refname)%00%(upstream:short)%00%(objectname)%00%(upstream:track)%00%(upstream:remotename)%00%(upstream:remoteref) refs/heads/main refs/remotes/main [6ms]
2024-02-23 15:41:01.298 [info] > git status -z -uall [158ms]
2024-02-23 15:41:06.369 [info] > git config --get commit.template [31ms]
2024-02-23 15:41:06.371 [info] > git for-each-ref --format=%(refname)%00%(upstream:short)%00%(objectname)%00%(upstream:track)%00%(upstream:remotename)%00%(upstream:remoteref) refs/heads/main refs/remotes/main [5ms]
2024-02-23 15:41:06.554 [info] > git status -z -uall [157ms]
2024-02-23 15:41:11.682 [info] > git config --get commit.template [50ms]
2024-02-23 15:41:11.684 [info] > git for-each-ref --format=%(refname)%00%(upstream:short)%00%(objectname)%00%(upstream:track)%00%(upstream:remotename)%00%(upstream:remoteref) refs/heads/main refs/remotes/main [5ms]
2024-02-23 15:41:11.870 [info] > git status -z -uall [158ms]
2024-02-23 15:41:17.016 [info] > git config --get commit.template [70ms]
2024-02-23 15:41:17.020 [info] > git for-each-ref --format=%(refname)%00%(upstream:short)%00%(objectname)%00%(upstream:track)%00%(upstream:remotename)%00%(upstream:remoteref) refs/heads/main refs/remotes/main [11ms]
2024-02-23 15:41:17.243 [info] > git status -z -uall [165ms]
2024-02-23 15:41:22.363 [info] > git config --get commit.template [51ms]
2024-02-23 15:41:22.368 [info] > git for-each-ref --format=%(refname)%00%(upstream:short)%00%(objectname)%00%(upstream:track)%00%(upstream:remotename)%00%(upstream:remoteref) refs/heads/main refs/remotes/main [9ms]
2024-02-23 15:41:22.618 [info] > git status -z -uall [206ms]
2024-02-23 15:41:27.745 [info] > git config --get commit.template [50ms]
2024-02-23 15:41:27.748 [info] > git for-each-ref --format=%(refname)%00%(upstream:short)%00%(objectname)%00%(upstream:track)%00%(upstream:remotename)%00%(upstream:remoteref) refs/heads/main refs/remotes/main [8ms]
2024-02-23 15:41:28.001 [info] > git status -z -uall [207ms]
2024-02-23 15:41:33.072 [info] > git config --get commit.template [32ms]
2024-02-23 15:41:33.074 [info] > git for-each-ref --format=%(refname)%00%(upstream:short)%00%(objectname)%00%(upstream:track)%00%(upstream:remotename)%00%(upstream:remoteref) refs/heads/main refs/remotes/main [5ms]
2024-02-23 15:41:33.394 [info] > git status -z -uall [293ms]
2024-02-23 15:42:26.298 [info] > git config --get commit.template [68ms]
2024-02-23 15:42:26.303 [info] > git for-each-ref --format=%(refname)%00%(upstream:short)%00%(objectname)%00%(upstream:track)%00%(upstream:remotename)%00%(upstream:remoteref) refs/heads/main refs/remotes/main [10ms]
2024-02-23 15:42:26.532 [info] > git status -z -uall [170ms]
2024-02-23 15:42:31.652 [info] > git config --get commit.template [56ms]
2024-02-23 15:42:31.655 [info] > git for-each-ref --format=%(refname)%00%(upstream:short)%00%(objectname)%00%(upstream:track)%00%(upstream:remotename)%00%(upstream:remoteref) refs/heads/main refs/remotes/main [8ms]
2024-02-23 15:42:31.905 [info] > git status -z -uall [205ms]
2024-02-23 15:42:37.052 [info] > git config --get commit.template [70ms]
2024-02-23 15:42:37.055 [info] > git for-each-ref --format=%(refname)%00%(upstream:short)%00%(objectname)%00%(upstream:track)%00%(upstream:remotename)%00%(upstream:remoteref) refs/heads/main refs/remotes/main [11ms]
2024-02-23 15:42:37.240 [info] > git status -z -uall [158ms]
2024-02-23 15:42:42.390 [info] > git config --get commit.template [69ms]
2024-02-23 15:42:42.395 [info] > git for-each-ref --format=%(refname)%00%(upstream:short)%00%(objectname)%00%(upstream:track)%00%(upstream:remotename)%00%(upstream:remoteref) refs/heads/main refs/remotes/main [12ms]
2024-02-23 15:42:42.595 [info] > git status -z -uall [159ms]
2024-02-23 15:42:47.737 [info] > git config --get commit.template [66ms]
2024-02-23 15:42:47.741 [info] > git for-each-ref --format=%(refname)%00%(upstream:short)%00%(objectname)%00%(upstream:track)%00%(upstream:remotename)%00%(upstream:remoteref) refs/heads/main refs/remotes/main [10ms]
2024-02-23 15:42:47.976 [info] > git status -z -uall [176ms]
2024-02-23 15:42:49.428 [info] > git show --textconv :.ssh/WendyWasHere.py [53ms]
2024-02-23 15:42:49.452 [info] > git ls-files --stage -- /home/orangepi/.ssh/WendyWasHere.py [28ms]
2024-02-23 15:42:49.648 [info] > git check-ignore -v -z --stdin [23ms]
2024-02-23 15:42:53.057 [info] > git config --get commit.template [34ms]
2024-02-23 15:42:53.062 [info] > git for-each-ref --format=%(refname)%00%(upstream:short)%00%(objectname)%00%(upstream:track)%00%(upstream:remotename)%00%(upstream:remoteref) refs/heads/main refs/remotes/main [8ms]
2024-02-23 15:42:53.281 [info] > git status -z -uall [188ms]
2024-02-23 15:42:58.337 [info] > git config --get commit.template [6ms]
2024-02-23 15:42:58.376 [info] > git for-each-ref --format=%(refname)%00%(upstream:short)%00%(objectname)%00%(upstream:track)%00%(upstream:remotename)%00%(upstream:remoteref) refs/heads/main refs/remotes/main [7ms]
2024-02-23 15:42:58.584 [info] > git status -z -uall [178ms]
2024-02-23 15:43:03.633 [info] > git config --get commit.template [10ms]
2024-02-23 15:43:03.684 [info] > git for-each-ref --format=%(refname)%00%(upstream:short)%00%(objectname)%00%(upstream:track)%00%(upstream:remotename)%00%(upstream:remoteref) refs/heads/main refs/remotes/main [24ms]
2024-02-23 15:43:03.869 [info] > git status -z -uall [159ms]
2024-02-23 15:43:09.013 [info] > git config --get commit.template [69ms]
2024-02-23 15:43:09.018 [info] > git for-each-ref --format=%(refname)%00%(upstream:short)%00%(objectname)%00%(upstream:track)%00%(upstream:remotename)%00%(upstream:remoteref) refs/heads/main refs/remotes/main [11ms]
2024-02-23 15:43:09.222 [info] > git status -z -uall [159ms]
2024-02-23 15:43:14.341 [info] > git config --get commit.template [51ms]
2024-02-23 15:43:14.344 [info] > git for-each-ref --format=%(refname)%00%(upstream:short)%00%(objectname)%00%(upstream:track)%00%(upstream:remotename)%00%(upstream:remoteref) refs/heads/main refs/remotes/main [7ms]
2024-02-23 15:43:14.588 [info] > git status -z -uall [199ms]
2024-02-23 15:43:19.726 [info] > git config --get commit.template [61ms]
2024-02-23 15:43:19.728 [info] > git for-each-ref --format=%(refname)%00%(upstream:short)%00%(objectname)%00%(upstream:track)%00%(upstream:remotename)%00%(upstream:remoteref) refs/heads/main refs/remotes/main [6ms]
2024-02-23 15:43:19.929 [info] > git status -z -uall [172ms]
2024-02-23 15:43:25.072 [info] > git config --get commit.template [67ms]
2024-02-23 15:43:25.077 [info] > git for-each-ref --format=%(refname)%00%(upstream:short)%00%(objectname)%00%(upstream:track)%00%(upstream:remotename)%00%(upstream:remoteref) refs/heads/main refs/remotes/main [11ms]
2024-02-23 15:43:25.267 [info] > git status -z -uall [160ms]
2024-02-23 15:43:30.380 [info] > git config --get commit.template [51ms]
2024-02-23 15:43:30.383 [info] > git for-each-ref --format=%(refname)%00%(upstream:short)%00%(objectname)%00%(upstream:track)%00%(upstream:remotename)%00%(upstream:remoteref) refs/heads/main refs/remotes/main [8ms]
2024-02-23 15:43:30.628 [info] > git status -z -uall [197ms]
2024-02-23 15:43:35.308 [info] > git for-each-ref --format=%(refname)%00%(upstream:short)%00%(objectname)%00%(upstream:track)%00%(upstream:remotename)%00%(upstream:remoteref) refs/heads/main [4ms]
2024-02-23 15:43:35.346 [info] > git config --local branch.main.vscode-merge-base [6ms]
2024-02-23 15:43:35.346 [warning] git config failed: Failed to execute git
2024-02-23 15:43:35.656 [info] > git reflog refs/heads/main --grep-reflog=branch: Created from *. [246ms]
2024-02-23 15:43:35.717 [info] > git symbolic-ref --short refs/remotes/origin/HEAD [34ms]
2024-02-23 15:43:35.717 [info] fatal: ref refs/remotes/origin/HEAD is not a symbolic ref
2024-02-23 15:43:35.719 [info] > git config --get commit.template [5ms]
2024-02-23 15:43:35.751 [info] > git for-each-ref --format=%(refname)%00%(upstream:short)%00%(objectname)%00%(upstream:track)%00%(upstream:remotename)%00%(upstream:remoteref) refs/heads/main refs/remotes/main [4ms]
2024-02-23 15:43:35.942 [info] > git for-each-ref --format=%(refname)%00%(upstream:short)%00%(objectname)%00%(upstream:track)%00%(upstream:remotename)%00%(upstream:remoteref) refs/heads/main [82ms]
2024-02-23 15:43:35.975 [info] > git status -z -uall [197ms]
2024-02-23 15:43:36.012 [info] > git config --local branch.main.vscode-merge-base [40ms]
2024-02-23 15:43:36.012 [warning] git config failed: Failed to execute git
2024-02-23 15:43:36.053 [info] > git reflog refs/heads/main --grep-reflog=branch: Created from *. [14ms]
2024-02-23 15:43:36.131 [info] > git symbolic-ref --short refs/remotes/origin/HEAD [52ms]
2024-02-23 15:43:36.132 [info] fatal: ref refs/remotes/origin/HEAD is not a symbolic ref
2024-02-23 15:43:36.245 [info] > git for-each-ref --format=%(refname)%00%(upstream:short)%00%(objectname)%00%(upstream:track)%00%(upstream:remotename)%00%(upstream:remoteref) refs/heads/main [45ms]
2024-02-23 15:43:36.316 [info] > git config --local branch.main.vscode-merge-base [33ms]
2024-02-23 15:43:36.316 [warning] git config failed: Failed to execute git
2024-02-23 15:43:36.355 [info] > git reflog refs/heads/main --grep-reflog=branch: Created from *. [8ms]
2024-02-23 15:43:36.389 [info] > git symbolic-ref --short refs/remotes/origin/HEAD [4ms]
2024-02-23 15:43:36.389 [info] fatal: ref refs/remotes/origin/HEAD is not a symbolic ref
2024-02-23 15:43:36.836 [info] > git check-ignore -v -z --stdin [186ms]
2024-02-23 15:43:48.151 [info] > git config --get commit.template [33ms]
2024-02-23 15:43:48.199 [info] > git for-each-ref --format=%(refname)%00%(upstream:short)%00%(objectname)%00%(upstream:track)%00%(upstream:remotename)%00%(upstream:remoteref) refs/heads/main refs/remotes/main [50ms]
2024-02-23 15:43:48.325 [info] > git for-each-ref --format=%(refname)%00%(upstream:short)%00%(objectname)%00%(upstream:track)%00%(upstream:remotename)%00%(upstream:remoteref) refs/heads/main [13ms]
2024-02-23 15:43:48.364 [info] > git config --local branch.main.vscode-merge-base [7ms]
2024-02-23 15:43:48.364 [warning] git config failed: Failed to execute git
2024-02-23 15:43:48.404 [info] > git reflog refs/heads/main --grep-reflog=branch: Created from *. [8ms]
2024-02-23 15:43:48.440 [info] > git status -z -uall [205ms]
