2024-02-23 14:09:32.735 [info] Experiment 'pythonaa' is active
2024-02-23 14:09:32.735 [info] Experiment 'pythonRecommendTensorboardExt' is active
2024-02-23 14:09:32.735 [info] Experiment 'pythonREPLSmartSend' is active
2024-02-23 14:09:32.735 [info] Experiment 'pythonTerminalEnvVarActivation' is active
2024-02-23 14:09:32.735 [info] Experiment 'pythonTestAdapter' is active
2024-02-23 14:09:32.735 [info] Default formatter is set to null for workspace /home/orangepi
2024-02-23 14:09:32.735 [info] > conda info --json
2024-02-23 14:09:32.737 [info] Found: /bin/python3 --> /bin/python3.9
2024-02-23 14:09:32.772 [info] Found: /bin/python3.9 --> /bin/python3.9
2024-02-23 14:09:32.959 [info] Found: /usr/bin/python3 --> /usr/bin/python3.9
2024-02-23 14:09:32.978 [info] Found: /usr/bin/python3.9 --> /usr/bin/python3.9
2024-02-23 14:09:33.116 [info] > /bin/python3 -I ./.vscode-server/extensions/ms-python.python-2024.0.1/pythonFiles/get_output_via_markers.py ./.vscode-server/extensions/ms-python.python-2024.0.1/pythonFiles/interpreterInfo.py
2024-02-23 14:09:33.374 [info] Python interpreter path: /bin/python3
2024-02-23 14:09:33.996 [info] > /usr/bin/python3 -I ./.vscode-server/extensions/ms-python.python-2024.0.1/pythonFiles/get_output_via_markers.py ./.vscode-server/extensions/ms-python.python-2024.0.1/pythonFiles/interpreterInfo.py
2024-02-23 14:09:34.308 [warning] Retry failed, storage update failed for key PYTHON_GLOBAL_STORAGE_KEYS
2024-02-23 14:09:34.688 [warning] Retry failed, storage update failed for key PYTHON_GLOBAL_STORAGE_KEYS
2024-02-23 14:09:34.688 [warning] Retry failed, storage update failed for key PYTHON_GLOBAL_STORAGE_KEYS
2024-02-23 14:09:34.688 [warning] Retry failed, storage update failed for key PYTHON_GLOBAL_STORAGE_KEYS
2024-02-23 14:09:34.688 [warning] Retry failed, storage update failed for key PYTHON_GLOBAL_STORAGE_KEYS
2024-02-23 14:09:34.711 [warning] Retry failed, storage update failed for key PYTHON_GLOBAL_STORAGE_KEYS
2024-02-23 14:09:34.712 [warning] Retry failed, storage update failed for key PYTHON_GLOBAL_STORAGE_KEYS
2024-02-23 14:09:34.712 [warning] Retry failed, storage update failed for key PYTHON_GLOBAL_STORAGE_KEYS
2024-02-23 14:09:38.051 [info] Starting Pylance language server.
